<testsuites id="" name="" tests="146" failures="1" skipped="50" errors="0" time="80.097511">
<testsuite name="accessibility/accessibility.spec.js" timestamp="2025-06-19T17:50:47.045Z" hostname="chromium" tests="3" failures="0" skipped="2" time="26.158" errors="0">
<testcase name="Accessibility Tests › login page should not have critical accessibility violations" classname="accessibility/accessibility.spec.js" time="4.974">
<system-out>
<![CDATA[Critical violations: []
]]>
</system-out>
</testcase>
<testcase name="Accessibility Tests › dashboard should not have critical accessibility violations" classname="accessibility/accessibility.spec.js" time="4.692">
<properties>
<property name="skip" value="">
</property>
</properties>
<skipped>
</skipped>
</testcase>
<testcase name="Accessibility Tests › login page should pass specific accessibility rules" classname="accessibility/accessibility.spec.js" time="16.492">
<properties>
<property name="skip" value="Demo site is unavailable">
</property>
</properties>
<skipped>
</skipped>
</testcase>
</testsuite>
<testsuite name="accessibility/fixed-accessibilityTest.spec.js" timestamp="2025-06-19T17:50:47.045Z" hostname="chromium" tests="3" failures="0" skipped="1" time="13.526" errors="0">
<testcase name="Fixed Accessibility Tests › OrangeHRM login page should generate accessibility report" classname="accessibility/fixed-accessibilityTest.spec.js" time="5.016">
<system-out>
<![CDATA[Accessibility violations: [
  {
    type: [32m'html-lang'[39m,
    message: [32m'Document language not specified'[39m,
    severity: [32m'serious'[39m,
    element: { tagName: [32m'html'[39m, selector: [32m'html'[39m }
  }
]
]]>
</system-out>
</testcase>
<testcase name="Fixed Accessibility Tests › OrangeHRM dashboard should generate accessibility report" classname="accessibility/fixed-accessibilityTest.spec.js" time="5.057">
<properties>
<property name="skip" value="">
</property>
</properties>
<skipped>
</skipped>
</testcase>
<testcase name="Fixed Accessibility Tests › OrangeHRM login form should be accessible" classname="accessibility/fixed-accessibilityTest.spec.js" time="3.453">
</testcase>
</testsuite>
<testsuite name="core/authentication.spec.js" timestamp="2025-06-19T17:50:47.045Z" hostname="chromium" tests="3" failures="0" skipped="0" time="14.952" errors="0">
<testcase name="Authentication › should login with valid credentials" classname="core/authentication.spec.js" time="5.044">
</testcase>
<testcase name="Authentication › should show error with invalid credentials" classname="core/authentication.spec.js" time="5.006">
</testcase>
<testcase name="Authentication › should require username and password" classname="core/authentication.spec.js" time="4.902">
</testcase>
</testsuite>
<testsuite name="core/form-validation.spec.js" timestamp="2025-06-19T17:50:47.045Z" hostname="chromium" tests="3" failures="0" skipped="0" time="14.507" errors="0">
<testcase name="Form Validation › should validate required fields" classname="core/form-validation.spec.js" time="4.852">
</testcase>
<testcase name="Form Validation › should validate input format" classname="core/form-validation.spec.js" time="4.883">
</testcase>
<testcase name="Form Validation › should accept valid form submission" classname="core/form-validation.spec.js" time="4.772">
</testcase>
</testsuite>
<testsuite name="core/framework-validation.spec.js" timestamp="2025-06-19T17:50:47.045Z" hostname="chromium" tests="1" failures="0" skipped="0" time="1.04" errors="0">
<testcase name="Framework Validation › Framework validation test" classname="core/framework-validation.spec.js" time="1.04">
</testcase>
</testsuite>
<testsuite name="core/navigation.spec.js" timestamp="2025-06-19T17:50:47.045Z" hostname="chromium" tests="4" failures="0" skipped="0" time="17.164" errors="0">
<testcase name="Navigation › should navigate to Checkboxes page" classname="core/navigation.spec.js" time="4.191">
</testcase>
<testcase name="Navigation › should navigate to Dropdown page" classname="core/navigation.spec.js" time="4.235">
</testcase>
<testcase name="Navigation › should navigate to Form Authentication page" classname="core/navigation.spec.js" time="4.413">
</testcase>
<testcase name="Navigation › should navigate back to home page" classname="core/navigation.spec.js" time="4.325">
</testcase>
</testsuite>
<testsuite name="core/orangehrm-tests.spec.js" timestamp="2025-06-19T17:50:47.045Z" hostname="chromium" tests="7" failures="0" skipped="7" time="4.379" errors="0">
<testcase name="OrangeHRM Authentication › should login with valid credentials" classname="core/orangehrm-tests.spec.js" time="0.218">
<properties>
<property name="skip" value="OrangeHRM tests are skipped due to site availability issues">
</property>
</properties>
<skipped>
</skipped>
</testcase>
<testcase name="OrangeHRM Authentication › should logout successfully" classname="core/orangehrm-tests.spec.js" time="0.244">
<properties>
<property name="skip" value="OrangeHRM tests are skipped due to site availability issues">
</property>
</properties>
<skipped>
</skipped>
</testcase>
<testcase name="OrangeHRM Navigation › should navigate to Admin page" classname="core/orangehrm-tests.spec.js" time="0.232">
<properties>
<property name="skip" value="OrangeHRM tests are skipped due to site availability issues">
</property>
</properties>
<skipped>
</skipped>
</testcase>
<testcase name="OrangeHRM Navigation › should navigate to PIM page" classname="core/orangehrm-tests.spec.js" time="0.26">
<properties>
<property name="skip" value="OrangeHRM tests are skipped due to site availability issues">
</property>
</properties>
<skipped>
</skipped>
</testcase>
<testcase name="OrangeHRM Navigation › should navigate back to Dashboard" classname="core/orangehrm-tests.spec.js" time="0.278">
<properties>
<property name="skip" value="OrangeHRM tests are skipped due to site availability issues">
</property>
</properties>
<skipped>
</skipped>
</testcase>
<testcase name="OrangeHRM Form Validation › should validate password strength in Add User form" classname="core/orangehrm-tests.spec.js" time="2.863">
<properties>
<property name="skip" value="OrangeHRM tests are skipped due to site availability issues">
</property>
</properties>
<skipped>
</skipped>
</testcase>
<testcase name="OrangeHRM Form Validation › should validate password confirmation in Add User form" classname="core/orangehrm-tests.spec.js" time="0.284">
<properties>
<property name="skip" value="OrangeHRM tests are skipped due to site availability issues">
</property>
</properties>
<skipped>
</skipped>
</testcase>
</testsuite>
<testsuite name="examples/flaky-test-example.spec.js" timestamp="2025-06-19T17:50:47.045Z" hostname="chromium" tests="3" failures="0" skipped="0" time="3.023" errors="0">
<testcase name="Flaky Test Examples › flaky test with annotation" classname="examples/flaky-test-example.spec.js" time="1.032">
<properties>
<property name="flaky" value="This test is known to be flaky">
</property>
</properties>
</testcase>
<testcase name="Flaky Test Examples › test that might be quarantined automatically" classname="examples/flaky-test-example.spec.js" time="1">
</testcase>
<testcase name="Flaky Test Examples › manually skipped test if needed" classname="examples/flaky-test-example.spec.js" time="0.991">
</testcase>
</testsuite>
<testsuite name="framework-validation.spec.js" timestamp="2025-06-19T17:50:47.045Z" hostname="chromium" tests="1" failures="0" skipped="0" time="0.375" errors="0">
<testcase name="Framework Validation › Framework validation test" classname="framework-validation.spec.js" time="0.375">
</testcase>
</testsuite>
<testsuite name="integration/jira-integration.spec.js" timestamp="2025-06-19T17:50:47.045Z" hostname="chromium" tests="2" failures="0" skipped="2" time="0" errors="0">
<testcase name="Jira API Integration › should search for issues using JQL @JIRA-123" classname="integration/jira-integration.spec.js" time="0">
<properties>
<property name="skip" value="">
</property>
</properties>
<skipped>
</skipped>
</testcase>
<testcase name="Jira API Integration › should get issue details @JIRA-124" classname="integration/jira-integration.spec.js" time="0">
<properties>
<property name="skip" value="">
</property>
</properties>
<skipped>
</skipped>
</testcase>
</testsuite>
<testsuite name="integration/salesforce-objects.spec.js" timestamp="2025-06-19T17:50:47.045Z" hostname="chromium" tests="2" failures="0" skipped="2" time="0" errors="0">
<testcase name="Salesforce Objects Integration › should get object metadata @SF-123" classname="integration/salesforce-objects.spec.js" time="0">
<properties>
<property name="skip" value="">
</property>
</properties>
<skipped>
</skipped>
</testcase>
<testcase name="Salesforce Objects Integration › should create and retrieve test case @SF-124" classname="integration/salesforce-objects.spec.js" time="0">
<properties>
<property name="skip" value="">
</property>
</properties>
<skipped>
</skipped>
</testcase>
</testsuite>
<testsuite name="integration/testrail-example.spec.js" timestamp="2025-06-19T17:50:47.045Z" hostname="chromium" tests="1" failures="0" skipped="1" time="0" errors="0">
<testcase name="TestRail Integration › Execute TestRail test case" classname="integration/testrail-example.spec.js" time="0">
<properties>
<property name="skip" value="">
</property>
</properties>
<skipped>
</skipped>
</testcase>
</testsuite>
<testsuite name="reporting/reportingUtils.spec.js" timestamp="2025-06-19T17:50:47.045Z" hostname="chromium" tests="1" failures="0" skipped="0" time="0.005" errors="0">
<testcase name="Reporting Utilities › should process Playwright results" classname="reporting/reportingUtils.spec.js" time="0.005">
</testcase>
</testsuite>
<testsuite name="reporting/simple.spec.js" timestamp="2025-06-19T17:50:47.045Z" hostname="chromium" tests="1" failures="0" skipped="0" time="0" errors="0">
<testcase name="Simple Test › should pass" classname="reporting/simple.spec.js" time="0">
</testcase>
</testsuite>
<testsuite name="accessibility/accessibility.spec.js" timestamp="2025-06-19T17:50:47.045Z" hostname="firefox" tests="3" failures="0" skipped="1" time="14.747" errors="0">
<testcase name="Accessibility Tests › login page should not have critical accessibility violations" classname="accessibility/accessibility.spec.js" time="5.1">
<system-out>
<![CDATA[Critical violations: []
]]>
</system-out>
</testcase>
<testcase name="Accessibility Tests › dashboard should not have critical accessibility violations" classname="accessibility/accessibility.spec.js" time="4.676">
<properties>
<property name="skip" value="">
</property>
</properties>
<skipped>
</skipped>
</testcase>
<testcase name="Accessibility Tests › login page should pass specific accessibility rules" classname="accessibility/accessibility.spec.js" time="4.971">
</testcase>
</testsuite>
<testsuite name="accessibility/fixed-accessibilityTest.spec.js" timestamp="2025-06-19T17:50:47.045Z" hostname="firefox" tests="3" failures="0" skipped="1" time="13.453" errors="0">
<testcase name="Fixed Accessibility Tests › OrangeHRM login page should generate accessibility report" classname="accessibility/fixed-accessibilityTest.spec.js" time="4.909">
<system-out>
<![CDATA[Accessibility violations: [
  {
    type: [32m'html-lang'[39m,
    message: [32m'Document language not specified'[39m,
    severity: [32m'serious'[39m,
    element: { tagName: [32m'html'[39m, selector: [32m'html'[39m }
  }
]
]]>
</system-out>
</testcase>
<testcase name="Fixed Accessibility Tests › OrangeHRM dashboard should generate accessibility report" classname="accessibility/fixed-accessibilityTest.spec.js" time="4.704">
<properties>
<property name="skip" value="">
</property>
</properties>
<skipped>
</skipped>
</testcase>
<testcase name="Fixed Accessibility Tests › OrangeHRM login form should be accessible" classname="accessibility/fixed-accessibilityTest.spec.js" time="3.84">
</testcase>
</testsuite>
<testsuite name="core/authentication.spec.js" timestamp="2025-06-19T17:50:47.045Z" hostname="firefox" tests="3" failures="0" skipped="0" time="15.733" errors="0">
<testcase name="Authentication › should login with valid credentials" classname="core/authentication.spec.js" time="5.171">
</testcase>
<testcase name="Authentication › should show error with invalid credentials" classname="core/authentication.spec.js" time="5.326">
</testcase>
<testcase name="Authentication › should require username and password" classname="core/authentication.spec.js" time="5.236">
</testcase>
</testsuite>
<testsuite name="core/form-validation.spec.js" timestamp="2025-06-19T17:50:47.045Z" hostname="firefox" tests="3" failures="0" skipped="0" time="15.268" errors="0">
<testcase name="Form Validation › should validate required fields" classname="core/form-validation.spec.js" time="5.544">
</testcase>
<testcase name="Form Validation › should validate input format" classname="core/form-validation.spec.js" time="4.733">
</testcase>
<testcase name="Form Validation › should accept valid form submission" classname="core/form-validation.spec.js" time="4.991">
</testcase>
</testsuite>
<testsuite name="core/framework-validation.spec.js" timestamp="2025-06-19T17:50:47.045Z" hostname="firefox" tests="1" failures="0" skipped="0" time="1.195" errors="0">
<testcase name="Framework Validation › Framework validation test" classname="core/framework-validation.spec.js" time="1.195">
</testcase>
</testsuite>
<testsuite name="core/navigation.spec.js" timestamp="2025-06-19T17:50:47.045Z" hostname="firefox" tests="4" failures="0" skipped="0" time="19.075" errors="0">
<testcase name="Navigation › should navigate to Checkboxes page" classname="core/navigation.spec.js" time="4.526">
</testcase>
<testcase name="Navigation › should navigate to Dropdown page" classname="core/navigation.spec.js" time="4.696">
</testcase>
<testcase name="Navigation › should navigate to Form Authentication page" classname="core/navigation.spec.js" time="4.954">
</testcase>
<testcase name="Navigation › should navigate back to home page" classname="core/navigation.spec.js" time="4.899">
</testcase>
</testsuite>
<testsuite name="core/orangehrm-tests.spec.js" timestamp="2025-06-19T17:50:47.045Z" hostname="firefox" tests="7" failures="0" skipped="7" time="2.546" errors="0">
<testcase name="OrangeHRM Authentication › should login with valid credentials" classname="core/orangehrm-tests.spec.js" time="0.303">
<properties>
<property name="skip" value="OrangeHRM tests are skipped due to site availability issues">
</property>
</properties>
<skipped>
</skipped>
</testcase>
<testcase name="OrangeHRM Authentication › should logout successfully" classname="core/orangehrm-tests.spec.js" time="0.328">
<properties>
<property name="skip" value="OrangeHRM tests are skipped due to site availability issues">
</property>
</properties>
<skipped>
</skipped>
</testcase>
<testcase name="OrangeHRM Navigation › should navigate to Admin page" classname="core/orangehrm-tests.spec.js" time="0.42">
<properties>
<property name="skip" value="OrangeHRM tests are skipped due to site availability issues">
</property>
</properties>
<skipped>
</skipped>
</testcase>
<testcase name="OrangeHRM Navigation › should navigate to PIM page" classname="core/orangehrm-tests.spec.js" time="0.364">
<properties>
<property name="skip" value="OrangeHRM tests are skipped due to site availability issues">
</property>
</properties>
<skipped>
</skipped>
</testcase>
<testcase name="OrangeHRM Navigation › should navigate back to Dashboard" classname="core/orangehrm-tests.spec.js" time="0.358">
<properties>
<property name="skip" value="OrangeHRM tests are skipped due to site availability issues">
</property>
</properties>
<skipped>
</skipped>
</testcase>
<testcase name="OrangeHRM Form Validation › should validate password strength in Add User form" classname="core/orangehrm-tests.spec.js" time="0.379">
<properties>
<property name="skip" value="OrangeHRM tests are skipped due to site availability issues">
</property>
</properties>
<skipped>
</skipped>
</testcase>
<testcase name="OrangeHRM Form Validation › should validate password confirmation in Add User form" classname="core/orangehrm-tests.spec.js" time="0.394">
<properties>
<property name="skip" value="OrangeHRM tests are skipped due to site availability issues">
</property>
</properties>
<skipped>
</skipped>
</testcase>
</testsuite>
<testsuite name="examples/flaky-test-example.spec.js" timestamp="2025-06-19T17:50:47.045Z" hostname="firefox" tests="3" failures="0" skipped="0" time="3.709" errors="0">
<testcase name="Flaky Test Examples › flaky test with annotation" classname="examples/flaky-test-example.spec.js" time="1.193">
<properties>
<property name="flaky" value="This test is known to be flaky">
</property>
</properties>
</testcase>
<testcase name="Flaky Test Examples › test that might be quarantined automatically" classname="examples/flaky-test-example.spec.js" time="1.272">
</testcase>
<testcase name="Flaky Test Examples › manually skipped test if needed" classname="examples/flaky-test-example.spec.js" time="1.244">
</testcase>
</testsuite>
<testsuite name="framework-validation.spec.js" timestamp="2025-06-19T17:50:47.045Z" hostname="firefox" tests="1" failures="0" skipped="0" time="0.423" errors="0">
<testcase name="Framework Validation › Framework validation test" classname="framework-validation.spec.js" time="0.423">
</testcase>
</testsuite>
<testsuite name="integration/jira-integration.spec.js" timestamp="2025-06-19T17:50:47.045Z" hostname="firefox" tests="2" failures="0" skipped="2" time="0" errors="0">
<testcase name="Jira API Integration › should search for issues using JQL @JIRA-123" classname="integration/jira-integration.spec.js" time="0">
<properties>
<property name="skip" value="">
</property>
</properties>
<skipped>
</skipped>
</testcase>
<testcase name="Jira API Integration › should get issue details @JIRA-124" classname="integration/jira-integration.spec.js" time="0">
<properties>
<property name="skip" value="">
</property>
</properties>
<skipped>
</skipped>
</testcase>
</testsuite>
<testsuite name="integration/salesforce-objects.spec.js" timestamp="2025-06-19T17:50:47.045Z" hostname="firefox" tests="2" failures="0" skipped="2" time="0" errors="0">
<testcase name="Salesforce Objects Integration › should get object metadata @SF-123" classname="integration/salesforce-objects.spec.js" time="0">
<properties>
<property name="skip" value="">
</property>
</properties>
<skipped>
</skipped>
</testcase>
<testcase name="Salesforce Objects Integration › should create and retrieve test case @SF-124" classname="integration/salesforce-objects.spec.js" time="0">
<properties>
<property name="skip" value="">
</property>
</properties>
<skipped>
</skipped>
</testcase>
</testsuite>
<testsuite name="integration/testrail-example.spec.js" timestamp="2025-06-19T17:50:47.045Z" hostname="firefox" tests="1" failures="0" skipped="1" time="0" errors="0">
<testcase name="TestRail Integration › Execute TestRail test case" classname="integration/testrail-example.spec.js" time="0">
<properties>
<property name="skip" value="">
</property>
</properties>
<skipped>
</skipped>
</testcase>
</testsuite>
<testsuite name="reporting/reportingUtils.spec.js" timestamp="2025-06-19T17:50:47.045Z" hostname="firefox" tests="1" failures="0" skipped="0" time="0.008" errors="0">
<testcase name="Reporting Utilities › should process Playwright results" classname="reporting/reportingUtils.spec.js" time="0.008">
</testcase>
</testsuite>
<testsuite name="reporting/simple.spec.js" timestamp="2025-06-19T17:50:47.045Z" hostname="firefox" tests="1" failures="0" skipped="0" time="0.001" errors="0">
<testcase name="Simple Test › should pass" classname="reporting/simple.spec.js" time="0.001">
</testcase>
</testsuite>
<testsuite name="accessibility/accessibility.spec.js" timestamp="2025-06-19T17:50:47.045Z" hostname="webkit" tests="3" failures="0" skipped="1" time="13.918" errors="0">
<testcase name="Accessibility Tests › login page should not have critical accessibility violations" classname="accessibility/accessibility.spec.js" time="4.592">
<system-out>
<![CDATA[Critical violations: []
]]>
</system-out>
</testcase>
<testcase name="Accessibility Tests › dashboard should not have critical accessibility violations" classname="accessibility/accessibility.spec.js" time="4.621">
<properties>
<property name="skip" value="">
</property>
</properties>
<skipped>
</skipped>
</testcase>
<testcase name="Accessibility Tests › login page should pass specific accessibility rules" classname="accessibility/accessibility.spec.js" time="4.705">
</testcase>
</testsuite>
<testsuite name="accessibility/fixed-accessibilityTest.spec.js" timestamp="2025-06-19T17:50:47.045Z" hostname="webkit" tests="3" failures="0" skipped="1" time="12.601" errors="0">
<testcase name="Fixed Accessibility Tests › OrangeHRM login page should generate accessibility report" classname="accessibility/fixed-accessibilityTest.spec.js" time="4.563">
<system-out>
<![CDATA[Accessibility violations: [
  {
    type: [32m'html-lang'[39m,
    message: [32m'Document language not specified'[39m,
    severity: [32m'serious'[39m,
    element: { tagName: [32m'html'[39m, selector: [32m'html'[39m }
  }
]
]]>
</system-out>
</testcase>
<testcase name="Fixed Accessibility Tests › OrangeHRM dashboard should generate accessibility report" classname="accessibility/fixed-accessibilityTest.spec.js" time="4.401">
<properties>
<property name="skip" value="">
</property>
</properties>
<skipped>
</skipped>
</testcase>
<testcase name="Fixed Accessibility Tests › OrangeHRM login form should be accessible" classname="accessibility/fixed-accessibilityTest.spec.js" time="3.637">
</testcase>
</testsuite>
<testsuite name="core/authentication.spec.js" timestamp="2025-06-19T17:50:47.045Z" hostname="webkit" tests="3" failures="0" skipped="0" time="16.105" errors="0">
<testcase name="Authentication › should login with valid credentials" classname="core/authentication.spec.js" time="5.492">
</testcase>
<testcase name="Authentication › should show error with invalid credentials" classname="core/authentication.spec.js" time="5.333">
</testcase>
<testcase name="Authentication › should require username and password" classname="core/authentication.spec.js" time="5.28">
</testcase>
</testsuite>
<testsuite name="core/form-validation.spec.js" timestamp="2025-06-19T17:50:47.045Z" hostname="webkit" tests="3" failures="0" skipped="0" time="16" errors="0">
<testcase name="Form Validation › should validate required fields" classname="core/form-validation.spec.js" time="5.376">
</testcase>
<testcase name="Form Validation › should validate input format" classname="core/form-validation.spec.js" time="5.135">
</testcase>
<testcase name="Form Validation › should accept valid form submission" classname="core/form-validation.spec.js" time="5.489">
</testcase>
</testsuite>
<testsuite name="core/framework-validation.spec.js" timestamp="2025-06-19T17:50:47.045Z" hostname="webkit" tests="1" failures="0" skipped="0" time="1.117" errors="0">
<testcase name="Framework Validation › Framework validation test" classname="core/framework-validation.spec.js" time="1.117">
</testcase>
</testsuite>
<testsuite name="core/navigation.spec.js" timestamp="2025-06-19T17:50:47.045Z" hostname="webkit" tests="4" failures="0" skipped="0" time="18.989" errors="0">
<testcase name="Navigation › should navigate to Checkboxes page" classname="core/navigation.spec.js" time="4.227">
</testcase>
<testcase name="Navigation › should navigate to Dropdown page" classname="core/navigation.spec.js" time="4.241">
</testcase>
<testcase name="Navigation › should navigate to Form Authentication page" classname="core/navigation.spec.js" time="5.925">
</testcase>
<testcase name="Navigation › should navigate back to home page" classname="core/navigation.spec.js" time="4.596">
</testcase>
</testsuite>
<testsuite name="core/orangehrm-tests.spec.js" timestamp="2025-06-19T17:50:47.045Z" hostname="webkit" tests="7" failures="0" skipped="7" time="1.549" errors="0">
<testcase name="OrangeHRM Authentication › should login with valid credentials" classname="core/orangehrm-tests.spec.js" time="0.204">
<properties>
<property name="skip" value="OrangeHRM tests are skipped due to site availability issues">
</property>
</properties>
<skipped>
</skipped>
</testcase>
<testcase name="OrangeHRM Authentication › should logout successfully" classname="core/orangehrm-tests.spec.js" time="0.209">
<properties>
<property name="skip" value="OrangeHRM tests are skipped due to site availability issues">
</property>
</properties>
<skipped>
</skipped>
</testcase>
<testcase name="OrangeHRM Navigation › should navigate to Admin page" classname="core/orangehrm-tests.spec.js" time="0.222">
<properties>
<property name="skip" value="OrangeHRM tests are skipped due to site availability issues">
</property>
</properties>
<skipped>
</skipped>
</testcase>
<testcase name="OrangeHRM Navigation › should navigate to PIM page" classname="core/orangehrm-tests.spec.js" time="0.218">
<properties>
<property name="skip" value="OrangeHRM tests are skipped due to site availability issues">
</property>
</properties>
<skipped>
</skipped>
</testcase>
<testcase name="OrangeHRM Navigation › should navigate back to Dashboard" classname="core/orangehrm-tests.spec.js" time="0.221">
<properties>
<property name="skip" value="OrangeHRM tests are skipped due to site availability issues">
</property>
</properties>
<skipped>
</skipped>
</testcase>
<testcase name="OrangeHRM Form Validation › should validate password strength in Add User form" classname="core/orangehrm-tests.spec.js" time="0.23">
<properties>
<property name="skip" value="OrangeHRM tests are skipped due to site availability issues">
</property>
</properties>
<skipped>
</skipped>
</testcase>
<testcase name="OrangeHRM Form Validation › should validate password confirmation in Add User form" classname="core/orangehrm-tests.spec.js" time="0.245">
<properties>
<property name="skip" value="OrangeHRM tests are skipped due to site availability issues">
</property>
</properties>
<skipped>
</skipped>
</testcase>
</testsuite>
<testsuite name="examples/flaky-test-example.spec.js" timestamp="2025-06-19T17:50:47.045Z" hostname="webkit" tests="3" failures="0" skipped="0" time="3.41" errors="0">
<testcase name="Flaky Test Examples › flaky test with annotation" classname="examples/flaky-test-example.spec.js" time="1.148">
<properties>
<property name="flaky" value="This test is known to be flaky">
</property>
</properties>
</testcase>
<testcase name="Flaky Test Examples › test that might be quarantined automatically" classname="examples/flaky-test-example.spec.js" time="1.148">
</testcase>
<testcase name="Flaky Test Examples › manually skipped test if needed" classname="examples/flaky-test-example.spec.js" time="1.114">
</testcase>
</testsuite>
<testsuite name="framework-validation.spec.js" timestamp="2025-06-19T17:50:47.045Z" hostname="webkit" tests="1" failures="0" skipped="0" time="0.26" errors="0">
<testcase name="Framework Validation › Framework validation test" classname="framework-validation.spec.js" time="0.26">
</testcase>
</testsuite>
<testsuite name="integration/jira-integration.spec.js" timestamp="2025-06-19T17:50:47.045Z" hostname="webkit" tests="2" failures="0" skipped="2" time="0" errors="0">
<testcase name="Jira API Integration › should search for issues using JQL @JIRA-123" classname="integration/jira-integration.spec.js" time="0">
<properties>
<property name="skip" value="">
</property>
</properties>
<skipped>
</skipped>
</testcase>
<testcase name="Jira API Integration › should get issue details @JIRA-124" classname="integration/jira-integration.spec.js" time="0">
<properties>
<property name="skip" value="">
</property>
</properties>
<skipped>
</skipped>
</testcase>
</testsuite>
<testsuite name="integration/salesforce-objects.spec.js" timestamp="2025-06-19T17:50:47.045Z" hostname="webkit" tests="2" failures="0" skipped="2" time="0" errors="0">
<testcase name="Salesforce Objects Integration › should get object metadata @SF-123" classname="integration/salesforce-objects.spec.js" time="0">
<properties>
<property name="skip" value="">
</property>
</properties>
<skipped>
</skipped>
</testcase>
<testcase name="Salesforce Objects Integration › should create and retrieve test case @SF-124" classname="integration/salesforce-objects.spec.js" time="0">
<properties>
<property name="skip" value="">
</property>
</properties>
<skipped>
</skipped>
</testcase>
</testsuite>
<testsuite name="integration/testrail-example.spec.js" timestamp="2025-06-19T17:50:47.045Z" hostname="webkit" tests="1" failures="0" skipped="1" time="0" errors="0">
<testcase name="TestRail Integration › Execute TestRail test case" classname="integration/testrail-example.spec.js" time="0">
<properties>
<property name="skip" value="">
</property>
</properties>
<skipped>
</skipped>
</testcase>
</testsuite>
<testsuite name="reporting/reportingUtils.spec.js" timestamp="2025-06-19T17:50:47.045Z" hostname="webkit" tests="1" failures="0" skipped="0" time="0.004" errors="0">
<testcase name="Reporting Utilities › should process Playwright results" classname="reporting/reportingUtils.spec.js" time="0.004">
</testcase>
</testsuite>
<testsuite name="reporting/simple.spec.js" timestamp="2025-06-19T17:50:47.045Z" hostname="webkit" tests="1" failures="0" skipped="0" time="0" errors="0">
<testcase name="Simple Test › should pass" classname="reporting/simple.spec.js" time="0">
</testcase>
</testsuite>
<testsuite name="salesforce/salesforce-api-mock.spec.js" timestamp="2025-06-19T17:50:47.045Z" hostname="salesforce" tests="4" failures="0" skipped="0" time="0.043" errors="0">
<testcase name="Salesforce API Mock Tests › should get API limits" classname="salesforce/salesforce-api-mock.spec.js" time="0.009">
<system-out>
<![CDATA[API Limits: {
  "DailyApiRequests": {
    "Max": 15000,
    "Remaining": 14998
  },
  "DailyBulkApiRequests": {
    "Max": 5000,
    "Remaining": 5000
  },
  "DailyGenericStreamingApiEvents": {
    "Max": 10000,
    "Remaining": 10000
  }
}
]]>
</system-out>
</testcase>
<testcase name="Salesforce API Mock Tests › should describe global objects" classname="salesforce/salesforce-api-mock.spec.js" time="0.011">
<system-out>
<![CDATA[Objects: [ [32m'Account'[39m, [32m'Contact'[39m ]
]]>
</system-out>
</testcase>
<testcase name="Salesforce API Mock Tests › should describe Contact object" classname="salesforce/salesforce-api-mock.spec.js" time="0.01">
<system-out>
<![CDATA[Contact Fields: [ [32m'Id'[39m, [32m'FirstName'[39m, [32m'LastName'[39m, [32m'Email'[39m, [32m'Phone'[39m ]
]]>
</system-out>
</testcase>
<testcase name="Salesforce API Mock Tests › should extract Contact metadata to file" classname="salesforce/salesforce-api-mock.spec.js" time="0.013">
<system-out>
<![CDATA[Contact metadata extracted to /Users/mzahirudeen/Desktop/AgentSync/Client Deliverable/AgentSyncProfessionalServices/temp/contact-metadata-mock.json
]]>
</system-out>
</testcase>
</testsuite>
<testsuite name="salesforce/salesforce-api.spec.js" timestamp="2025-06-19T17:50:47.045Z" hostname="salesforce" tests="4" failures="0" skipped="4" time="0.003" errors="0">
<testcase name="Salesforce API Tests › should get API limits" classname="salesforce/salesforce-api.spec.js" time="0.001">
<properties>
<property name="skip" value="No access token available">
</property>
</properties>
<skipped>
</skipped>
</testcase>
<testcase name="Salesforce API Tests › should describe global objects" classname="salesforce/salesforce-api.spec.js" time="0">
<properties>
<property name="skip" value="No access token available">
</property>
</properties>
<skipped>
</skipped>
</testcase>
<testcase name="Salesforce API Tests › should describe Contact object" classname="salesforce/salesforce-api.spec.js" time="0.001">
<properties>
<property name="skip" value="No access token available">
</property>
</properties>
<skipped>
</skipped>
</testcase>
<testcase name="Salesforce API Tests › should extract Contact metadata to file" classname="salesforce/salesforce-api.spec.js" time="0.001">
<properties>
<property name="skip" value="No access token available">
</property>
</properties>
<skipped>
</skipped>
</testcase>
</testsuite>
<testsuite name="salesforce/salesforce-login.spec.js" timestamp="2025-06-19T17:50:47.045Z" hostname="salesforce" tests="1" failures="1" skipped="0" time="18.475" errors="0">
<testcase name="Salesforce Login Test › should login to Salesforce successfully" classname="salesforce/salesforce-login.spec.js" time="18.475">
<failure message="salesforce-login.spec.js:21:3 should login to Salesforce successfully" type="FAILURE">
<![CDATA[  [salesforce] › salesforce/salesforce-login.spec.js:21:3 › Salesforce Login Test › should login to Salesforce successfully 

    Error: Login error: Error: Please check your username and password. If you still can't log in, contact your Salesforce administrator.

      41 |       if (errorElement) {
      42 |         const errorText = await errorElement.textContent();
    > 43 |         throw new Error(`Login error: ${errorText}`);
         |               ^
      44 |       } else {
      45 |         throw new Error('Failed to login to Salesforce');
      46 |       }
        at /Users/mzahirudeen/Desktop/AgentSync/Client Deliverable/AgentSyncProfessionalServices/src/tests/salesforce/salesforce-login.spec.js:43:15

    attachment #1: screenshot (image/png) ──────────────────────────────────────────────────────────
    test-results/salesforce-salesforce-logi-af632--to-Salesforce-successfully-salesforce/test-failed-1.png
    ────────────────────────────────────────────────────────────────────────────────────────────────

    Error Context: ../../test-results/salesforce-salesforce-logi-af632--to-Salesforce-successfully-salesforce/error-context.md
]]>
</failure>
<system-out>
<![CDATA[
[[ATTACHMENT|../test-results/salesforce-salesforce-logi-af632--to-Salesforce-successfully-salesforce/test-failed-1.png]]

[[ATTACHMENT|../test-results/salesforce-salesforce-logi-af632--to-Salesforce-successfully-salesforce/error-context.md]]
]]>
</system-out>
</testcase>
</testsuite>
<testsuite name="salesforce/salesforce-simple-contact.spec.js" timestamp="2025-06-19T17:50:47.045Z" hostname="salesforce" tests="1" failures="0" skipped="1" time="0" errors="0">
<testcase name="Salesforce Simple Contact Test › should navigate to contacts list" classname="salesforce/salesforce-simple-contact.spec.js" time="0">
<properties>
<property name="skip" value="">
</property>
</properties>
<skipped>
</skipped>
</testcase>
</testsuite>
<testsuite name="api/rest/create-user.spec.js" timestamp="2025-06-19T17:50:47.045Z" hostname="api" tests="5" failures="0" skipped="0" time="2.478" errors="0">
<testcase name="Create User API Tests › Create new user with valid data" classname="api/rest/create-user.spec.js" time="0.566">
</testcase>
<testcase name="Create User API Tests › Create user with minimal data" classname="api/rest/create-user.spec.js" time="0.528">
</testcase>
<testcase name="Create User API Tests › Update user with PUT request" classname="api/rest/create-user.spec.js" time="0.504">
</testcase>
<testcase name="Create User API Tests › Update user with PATCH request" classname="api/rest/create-user.spec.js" time="0.484">
</testcase>
<testcase name="Create User API Tests › Delete user" classname="api/rest/create-user.spec.js" time="0.396">
</testcase>
</testsuite>
<testsuite name="api/rest/data-driven-api.spec.js" timestamp="2025-06-19T17:50:47.045Z" hostname="api" tests="12" failures="0" skipped="0" time="1.416" errors="0">
<testcase name="Data-Driven API Tests › Create user: User 1 - Job 1" classname="api/rest/data-driven-api.spec.js" time="0.346">
</testcase>
<testcase name="Data-Driven API Tests › Create user: User 2 - Job 2" classname="api/rest/data-driven-api.spec.js" time="0.387">
</testcase>
<testcase name="Data-Driven API Tests › Create user: User 3 - Job 3" classname="api/rest/data-driven-api.spec.js" time="0.397">
</testcase>
<testcase name="Data-Driven API Tests › Get user with ID: 1" classname="api/rest/data-driven-api.spec.js" time="0.033">
</testcase>
<testcase name="Data-Driven API Tests › Get user with ID: 2" classname="api/rest/data-driven-api.spec.js" time="0.035">
</testcase>
<testcase name="Data-Driven API Tests › Get user with ID: 3" classname="api/rest/data-driven-api.spec.js" time="0.034">
</testcase>
<testcase name="Data-Driven API Tests › Get user with ID: 23" classname="api/rest/data-driven-api.spec.js" time="0.029">
</testcase>
<testcase name="Data-Driven API Tests › Get users from page 1" classname="api/rest/data-driven-api.spec.js" time="0.028">
</testcase>
<testcase name="Data-Driven API Tests › Get users from page 2" classname="api/rest/data-driven-api.spec.js" time="0.036">
</testcase>
<testcase name="Data-Driven API Tests › Get users from page 3" classname="api/rest/data-driven-api.spec.js" time="0.032">
</testcase>
<testcase name="Data-Driven API Tests › API with page=1" classname="api/rest/data-driven-api.spec.js" time="0.028">
</testcase>
<testcase name="Data-Driven API Tests › API with per_page=3" classname="api/rest/data-driven-api.spec.js" time="0.031">
</testcase>
</testsuite>
<testsuite name="api/rest/fixed-reqres-api.spec.js" timestamp="2025-06-19T17:50:47.045Z" hostname="api" tests="4" failures="0" skipped="0" time="0.59" errors="0">
<testcase name="ReqRes API with Schema Validation › Get users list with schema validation" classname="api/rest/fixed-reqres-api.spec.js" time="0.069">
</testcase>
<testcase name="ReqRes API with Schema Validation › Get single user with schema validation" classname="api/rest/fixed-reqres-api.spec.js" time="0.075">
</testcase>
<testcase name="ReqRes API with Schema Validation › Create user with schema validation" classname="api/rest/fixed-reqres-api.spec.js" time="0.411">
</testcase>
<testcase name="ReqRes API with Schema Validation › Validate error response for non-existent resource" classname="api/rest/fixed-reqres-api.spec.js" time="0.035">
</testcase>
</testsuite>
<testsuite name="api/rest/user-api.spec.js" timestamp="2025-06-19T17:50:47.045Z" hostname="api" tests="4" failures="0" skipped="0" time="0.161" errors="0">
<testcase name="User API Tests › Get list of users" classname="api/rest/user-api.spec.js" time="0.049">
</testcase>
<testcase name="User API Tests › Get single user by ID" classname="api/rest/user-api.spec.js" time="0.04">
</testcase>
<testcase name="User API Tests › Get non-existent user returns 404" classname="api/rest/user-api.spec.js" time="0.03">
</testcase>
<testcase name="User API Tests › Get user resources" classname="api/rest/user-api.spec.js" time="0.042">
</testcase>
</testsuite>
<testsuite name="accessibility/accessibility.spec.js" timestamp="2025-06-19T17:50:47.045Z" hostname="accessibility" tests="3" failures="0" skipped="1" time="11.07" errors="0">
<testcase name="Accessibility Tests › login page should not have critical accessibility violations" classname="accessibility/accessibility.spec.js" time="3.787">
<system-out>
<![CDATA[Critical violations: []
]]>
</system-out>
</testcase>
<testcase name="Accessibility Tests › dashboard should not have critical accessibility violations" classname="accessibility/accessibility.spec.js" time="3.479">
<properties>
<property name="skip" value="">
</property>
</properties>
<skipped>
</skipped>
</testcase>
<testcase name="Accessibility Tests › login page should pass specific accessibility rules" classname="accessibility/accessibility.spec.js" time="3.804">
</testcase>
</testsuite>
<testsuite name="accessibility/fixed-accessibilityTest.spec.js" timestamp="2025-06-19T17:50:47.045Z" hostname="accessibility" tests="3" failures="0" skipped="1" time="10.705" errors="0">
<testcase name="Fixed Accessibility Tests › OrangeHRM login page should generate accessibility report" classname="accessibility/fixed-accessibilityTest.spec.js" time="3.593">
<system-out>
<![CDATA[Accessibility violations: [
  {
    type: [32m'html-lang'[39m,
    message: [32m'Document language not specified'[39m,
    severity: [32m'serious'[39m,
    element: { tagName: [32m'html'[39m, selector: [32m'html'[39m }
  }
]
]]>
</system-out>
</testcase>
<testcase name="Fixed Accessibility Tests › OrangeHRM dashboard should generate accessibility report" classname="accessibility/fixed-accessibilityTest.spec.js" time="3.616">
<properties>
<property name="skip" value="">
</property>
</properties>
<skipped>
</skipped>
</testcase>
<testcase name="Fixed Accessibility Tests › OrangeHRM login form should be accessible" classname="accessibility/fixed-accessibilityTest.spec.js" time="3.496">
</testcase>
</testsuite>
</testsuites>